[  1] Utilization = 0.07 | pJ/MACC =   16.970
[  0] Utilization = 0.07 | pJ/MACC =  142.956
[  3] Utilization = 0.07 | pJ/MACC =  136.953
[  2] Utilization = 0.23 | pJ/MACC =   20.329
[  6] Utilization = 0.11 | pJ/MACC =   18.667
[  7] Utilization = 0.23 | pJ/MACC =   20.329
[  3] Utilization = 0.14 | pJ/MACC =  134.231
[  6] Utilization = 0.19 | pJ/MACC =   26.701
[  4] Utilization = 0.46 | pJ/MACC =   20.329
[  3] Utilization = 0.29 | pJ/MACC =  134.079
[  2] Utilization = 0.93 | pJ/MACC =   17.707
[  5] Utilization = 0.57 | pJ/MACC =   20.330
[  7] Utilization = 0.46 | pJ/MACC =   16.597
[  0] Utilization = 0.93 | pJ/MACC =   17.707
[  4] Utilization = 0.57 | pJ/MACC =  134.079
[  1] Utilization = 0.93 | pJ/MACC =   16.600
[  3] Utilization = 0.93 | pJ/MACC =   16.600
[  5] Utilization = 0.57 | pJ/MACC =  138.325
[  6] Utilization = 0.43 | pJ/MACC =   16.172
[  1] Utilization = 0.93 | pJ/MACC =   16.106
[  7] Utilization = 0.86 | pJ/MACC =  134.529
[  5] Utilization = 0.64 | pJ/MACC =  134.900
[  0] Utilization = 0.93 | pJ/MACC =   16.614
[  2] Utilization = 0.93 | pJ/MACC =   16.598
[  5] Utilization = 0.93 | pJ/MACC =    6.344
[  7] Utilization = 0.86 | pJ/MACC =  133.753
[  3] Utilization = 0.93 | pJ/MACC =    6.960
[  6] Utilization = 0.46 | pJ/MACC =   19.098
[  2] Utilization = 0.93 | pJ/MACC =    7.801
[  7] Utilization = 0.93 | pJ/MACC =   16.682
[  6] Utilization = 0.93 | pJ/MACC =   16.778
[  4] Utilization = 0.86 | pJ/MACC =  135.539
[  4] Utilization = 0.86 | pJ/MACC =  133.792
[  4] Utilization = 0.93 | pJ/MACC =   17.253
[  7] Utilization = 0.93 | pJ/MACC =   16.286
[  0] Utilization = 0.93 | pJ/MACC =   16.475
[  4] Utilization = 0.93 | pJ/MACC =   16.475
[  6] Utilization = 0.93 | pJ/MACC =   16.688
[  7] Utilization = 0.93 | pJ/MACC =   15.817
[  0] Utilization = 0.93 | pJ/MACC =    8.563
[  0] Utilization = 0.93 | pJ/MACC =    7.496
[  0] Utilization = 0.93 | pJ/MACC =    6.889
[  7] Utilization = 0.93 | pJ/MACC =   15.782
Interrupt caught. Mapper threads will terminate after completing any ongoing evaluations.
[  3] STATEMENT: global termination flag activated, terminating search.
[  1] STATEMENT: global termination flag activated, terminating search.
[  7] STATEMENT: global termination flag activated, terminating search.
[  2] STATEMENT: global termination flag activated, terminating search.
[  5] STATEMENT: global termination flag activated, terminating search.
[  6] STATEMENT: global termination flag activated, terminating search.
[  0] STATEMENT: global termination flag activated, terminating search.
[  4] STATEMENT: global termination flag activated, terminating search.
