    _                _                      
   / \   ___ ___ ___| | ___ _ __ __ _ _   _ 
  / _ \ / __/ __/ _ \ |/ _ \ '__/ _` | | | |
 / ___ \ (_| (_|  __/ |  __/ | | (_| | |_| |
/_/   \_\___\___\___|_|\___|_|  \__, |\__, |
                                |___/ |___/ 

Info: Parsing file arch/eyeriss_like.yaml for architecture info 
Info: Parsing file arch/components/smartbuffer_RF.yaml for compound_components info 
Info: Parsing file arch/components/smartbuffer_SRAM.yaml for compound_components info 
Warn: Cannot recognize the top key "mapper" in file mapper/mapper.yaml 
Warn: Cannot recognize the top key "problem" in file ../../layer_shapes/AlexNet/AlexNet_layer1.yaml 
Info: config file located: /root/.config/accelergy/accelergy_config.yaml 
config file content: 
 {'estimator_plug_ins': ['/home/workspace/final-project-Michael137/estimation_plug_ins'], 'primitive_components': ['/home/workspace/final-project-Michael137/primitive_component_libs'], 'table_plug_ins': {'roots': ['/home/workspace/final-project-Michael137/set_of_table_templates/', '/home/workspace/final-project-Michael137/PIM_estimation_tables/', 'set_of_table_templates']}, 'version': 0.3}
Info: primitive component file parsed:  /home/workspace/final-project-Michael137/primitive_component_libs/pim_primitive_component.lib.yaml 
Info: primitive component file parsed:  /home/workspace/final-project-Michael137/primitive_component_libs/primitive_component.lib.yaml 
Info: estimator plug-in identified by:  /home/workspace/final-project-Michael137/estimation_plug_ins/dummy_tables/dummy.estimator.yaml 
Info: estimator plug-in identified by:  /home/workspace/final-project-Michael137/estimation_plug_ins/accelergy-aladdin-plug-in/aladdin.estimator.yaml 
Info: estimator plug-in identified by:  /home/workspace/final-project-Michael137/estimation_plug_ins/accelergy-table-based-plug-ins/table.estimator.yaml 
table-based-plug-ins Identifies a set of tables named:  test_tables
table-based-plug-ins Identifies a set of tables named:  memristor_tables
table-based-plug-ins Identifies a set of tables named:  45nm_tables
table-based-plug-ins Identifies a set of tables named:  32nm_tables
Info: estimator plug-in identified by:  /home/workspace/final-project-Michael137/estimation_plug_ins/accelergy-cacti-plug-in/cacti.estimator.yaml 
DEBUGGING 0.04285   2.1575 : 2.2003500000000003
DEBUGGING 0.04285   1.8338750000000001 : 1.8767250000000002
DEBUGGING 0.04285   0.06 : 0.10285
DEBUGGING 0.00595   0.06 : 0.06595
Info: CACTI plug-in... Querying CACTI for request:
 {'class_name': 'SRAM', 'attributes': OrderedDict([('technology', '45nm'), ('width', 64), ('depth', 16384), ('n_rdwr_ports', 2), ('n_banks', 32), ('n_rd_ports', 0), ('n_wr_ports', 0), ('latency', '5ns')]), 'action_name': 'write', 'arguments': {'data_delta': 0, 'address_delta': 0}}
Warn: No action counts are specified as yaml input 
Info: flattened architecture is saved to: ./timeloop-mapper.flattened_architecture.yaml 
Info: energy reference table is saved to: ./timeloop-mapper.ERT.yaml 
Info: energy reference table summary is saved to: ./timeloop-mapper.ERT_summary.yaml 
Warn: no runtime energy estimations are generated... not generating energy_estimation.yaml 
Info: area reference table is saved to: ./timeloop-mapper.ART.yaml 
Info: area reference table summary is saved to: ./timeloop-mapper.ART_summary.yaml 
